<?xml version="1.0" encoding="UTF-8"?>
<!-- Generated by org.testng.reporters.JUnitXMLReporter -->
<testsuite ignored="0" hostname="PC-f7ad11" failures="0" tests="12" name="Default test" time="1.034" errors="0" timestamp="2025-01-15T13:05:59 IST">
  <testcase classname="Customer.CreateCustomer" name="createcustomer" time="0.014"/>
  <testcase classname="Customer.CreateCustomer" name="createcustomer" time="0.012"/>
  <testcase classname="Customer.CreateCustomer" name="createcustomer" time="0.002"/>
  <testcase classname="Customer.CreateCustomer" name="createcustomer" time="0.002"/>
  <testcase classname="Customer.CreateCustomer" name="createcustomer" time="0.001"/>
  <testcase classname="Customer.CreateCustomer" name="createcustomer" time="0.001"/>
  <testcase classname="Customer.CreateCustomer" name="createcustomer" time="0.002"/>
  <testcase classname="Customer.CreateCustomer" name="createcustomer" time="0.002"/>
  <testcase classname="Customer.CreateCustomer" name="createcustomer" time="0.001"/>
  <testcase classname="Customer.CreateCustomer" name="createcustomer" time="0.002"/>
  <testcase classname="Customer.CreateCustomer" name="createcustomer" time="0.002"/>
  <testcase classname="Customer.CreateCustomer" name="createcustomer" time="0.002"/>
</testsuite> <!-- Default test -->
