<?xml version="1.0" encoding="UTF-8"?>
<testng-results ignored="0" total="12" passed="12" failed="0" skipped="0">
  <reporter-output>
  </reporter-output>
  <suite started-at="2025-01-15T13:05:58 IST" name="Default suite" finished-at="2025-01-15T13:05:59 IST" duration-ms="1034">
    <groups>
    </groups>
    <test started-at="2025-01-15T13:05:58 IST" name="Default test" finished-at="2025-01-15T13:05:59 IST" duration-ms="1034">
      <class name="Customer.CreateCustomer">
        <test-method signature="createcustomer(java.lang.String,java.lang.String)[pri:0, instance:Customer.CreateCustomer@649bec2e]" started-at="2025-01-15T13:05:59 IST" name="createcustomer" data-provider="createcustomer" finished-at="2025-01-15T13:05:59 IST" duration-ms="14" status="PASS">
          <params>
            <param index="0">
              <value>
                <![CDATA[Morgan1]]>
              </value>
            </param>
            <param index="1">
              <value>
                <![CDATA[Financial1]]>
              </value>
            </param>
          </params>
          <reporter-output>
          </reporter-output>
        </test-method> <!-- createcustomer -->
        <test-method signature="createcustomer(java.lang.String,java.lang.String)[pri:0, instance:Customer.CreateCustomer@649bec2e]" started-at="2025-01-15T13:05:59 IST" name="createcustomer" data-provider="createcustomer" finished-at="2025-01-15T13:05:59 IST" duration-ms="12" status="PASS">
          <params>
            <param index="0">
              <value>
                <![CDATA[Morgan2]]>
              </value>
            </param>
            <param index="1">
              <value>
                <![CDATA[Financial2]]>
              </value>
            </param>
          </params>
          <reporter-output>
          </reporter-output>
        </test-method> <!-- createcustomer -->
        <test-method signature="createcustomer(java.lang.String,java.lang.String)[pri:0, instance:Customer.CreateCustomer@649bec2e]" started-at="2025-01-15T13:05:59 IST" name="createcustomer" data-provider="createcustomer" finished-at="2025-01-15T13:05:59 IST" duration-ms="2" status="PASS">
          <params>
            <param index="0">
              <value>
                <![CDATA[Morgan3]]>
              </value>
            </param>
            <param index="1">
              <value>
                <![CDATA[Financial3]]>
              </value>
            </param>
          </params>
          <reporter-output>
          </reporter-output>
        </test-method> <!-- createcustomer -->
        <test-method signature="createcustomer(java.lang.String,java.lang.String)[pri:0, instance:Customer.CreateCustomer@649bec2e]" started-at="2025-01-15T13:05:59 IST" name="createcustomer" data-provider="createcustomer" finished-at="2025-01-15T13:05:59 IST" duration-ms="2" status="PASS">
          <params>
            <param index="0">
              <value>
                <![CDATA[Morgan4]]>
              </value>
            </param>
            <param index="1">
              <value>
                <![CDATA[Financial4]]>
              </value>
            </param>
          </params>
          <reporter-output>
          </reporter-output>
        </test-method> <!-- createcustomer -->
        <test-method signature="createcustomer(java.lang.String,java.lang.String)[pri:0, instance:Customer.CreateCustomer@649bec2e]" started-at="2025-01-15T13:05:59 IST" name="createcustomer" data-provider="createcustomer" finished-at="2025-01-15T13:05:59 IST" duration-ms="1" status="PASS">
          <params>
            <param index="0">
              <value>
                <![CDATA[Morgan5]]>
              </value>
            </param>
            <param index="1">
              <value>
                <![CDATA[Financial5]]>
              </value>
            </param>
          </params>
          <reporter-output>
          </reporter-output>
        </test-method> <!-- createcustomer -->
        <test-method signature="createcustomer(java.lang.String,java.lang.String)[pri:0, instance:Customer.CreateCustomer@649bec2e]" started-at="2025-01-15T13:05:59 IST" name="createcustomer" data-provider="createcustomer" finished-at="2025-01-15T13:05:59 IST" duration-ms="1" status="PASS">
          <params>
            <param index="0">
              <value>
                <![CDATA[Morgan6]]>
              </value>
            </param>
            <param index="1">
              <value>
                <![CDATA[Financial6]]>
              </value>
            </param>
          </params>
          <reporter-output>
          </reporter-output>
        </test-method> <!-- createcustomer -->
        <test-method signature="createcustomer(java.lang.String,java.lang.String)[pri:0, instance:Customer.CreateCustomer@649bec2e]" started-at="2025-01-15T13:05:59 IST" name="createcustomer" data-provider="createcustomer" finished-at="2025-01-15T13:05:59 IST" duration-ms="2" status="PASS">
          <params>
            <param index="0">
              <value>
                <![CDATA[Morgan7]]>
              </value>
            </param>
            <param index="1">
              <value>
                <![CDATA[Financial7]]>
              </value>
            </param>
          </params>
          <reporter-output>
          </reporter-output>
        </test-method> <!-- createcustomer -->
        <test-method signature="createcustomer(java.lang.String,java.lang.String)[pri:0, instance:Customer.CreateCustomer@649bec2e]" started-at="2025-01-15T13:05:59 IST" name="createcustomer" data-provider="createcustomer" finished-at="2025-01-15T13:05:59 IST" duration-ms="2" status="PASS">
          <params>
            <param index="0">
              <value>
                <![CDATA[Morgan8]]>
              </value>
            </param>
            <param index="1">
              <value>
                <![CDATA[Financial8]]>
              </value>
            </param>
          </params>
          <reporter-output>
          </reporter-output>
        </test-method> <!-- createcustomer -->
        <test-method signature="createcustomer(java.lang.String,java.lang.String)[pri:0, instance:Customer.CreateCustomer@649bec2e]" started-at="2025-01-15T13:05:59 IST" name="createcustomer" data-provider="createcustomer" finished-at="2025-01-15T13:05:59 IST" duration-ms="1" status="PASS">
          <params>
            <param index="0">
              <value>
                <![CDATA[Morgan9]]>
              </value>
            </param>
            <param index="1">
              <value>
                <![CDATA[Financial9]]>
              </value>
            </param>
          </params>
          <reporter-output>
          </reporter-output>
        </test-method> <!-- createcustomer -->
        <test-method signature="createcustomer(java.lang.String,java.lang.String)[pri:0, instance:Customer.CreateCustomer@649bec2e]" started-at="2025-01-15T13:05:59 IST" name="createcustomer" data-provider="createcustomer" finished-at="2025-01-15T13:05:59 IST" duration-ms="2" status="PASS">
          <params>
            <param index="0">
              <value>
                <![CDATA[Morgan10]]>
              </value>
            </param>
            <param index="1">
              <value>
                <![CDATA[Financial10]]>
              </value>
            </param>
          </params>
          <reporter-output>
          </reporter-output>
        </test-method> <!-- createcustomer -->
        <test-method signature="createcustomer(java.lang.String,java.lang.String)[pri:0, instance:Customer.CreateCustomer@649bec2e]" started-at="2025-01-15T13:05:59 IST" name="createcustomer" data-provider="createcustomer" finished-at="2025-01-15T13:05:59 IST" duration-ms="2" status="PASS">
          <params>
            <param index="0">
              <value>
                <![CDATA[Morgan11]]>
              </value>
            </param>
            <param index="1">
              <value>
                <![CDATA[Financial11]]>
              </value>
            </param>
          </params>
          <reporter-output>
          </reporter-output>
        </test-method> <!-- createcustomer -->
        <test-method signature="createcustomer(java.lang.String,java.lang.String)[pri:0, instance:Customer.CreateCustomer@649bec2e]" started-at="2025-01-15T13:05:59 IST" name="createcustomer" data-provider="createcustomer" finished-at="2025-01-15T13:05:59 IST" duration-ms="2" status="PASS">
          <params>
            <param index="0">
              <value>
                <![CDATA[Morgan12]]>
              </value>
            </param>
            <param index="1">
              <value>
                <![CDATA[Financial12]]>
              </value>
            </param>
          </params>
          <reporter-output>
          </reporter-output>
        </test-method> <!-- createcustomer -->
      </class> <!-- Customer.CreateCustomer -->
    </test> <!-- Default test -->
  </suite> <!-- Default suite -->
</testng-results>
