<?xml version="1.0" encoding="UTF-8"?>
<testng-results ignored="0" total="1" passed="1" failed="0" skipped="0">
  <reporter-output>
  </reporter-output>
  <suite started-at="2025-01-06T11:49:26 IST" name="Default suite" finished-at="2025-01-06T11:49:26 IST" duration-ms="81">
    <groups>
    </groups>
    <test started-at="2025-01-06T11:49:26 IST" name="Default test" finished-at="2025-01-06T11:49:26 IST" duration-ms="81">
      <class name="Test.Run">
        <test-method signature="createcustomer()[pri:0, instance:Test.Run@649bec2e]" started-at="2025-01-06T11:49:26 IST" name="createcustomer" finished-at="2025-01-06T11:49:26 IST" duration-ms="20" status="PASS">
          <reporter-output>
          </reporter-output>
        </test-method> <!-- createcustomer -->
      </class> <!-- Test.Run -->
    </test> <!-- Default test -->
  </suite> <!-- Default suite -->
</testng-results>
